Android code for Object Detection/app/build/intermediates/manifest_merge_blame_file/debug/manifest-merger-blame-debug-report.txt
1<?xml version="1.0" encoding="utf-8"?>
2<!--
3    ~ Copyright 2022 The TensorFlow Authors. All Rights Reserved.
4    ~
5    ~ Licensed under the Apache License, Version 2.0 (the "License");
6    ~ you may not use this file except in compliance with the License.
7    ~ You may obtain a copy of the License at
8    ~
9    ~       http://www.apache.org/licenses/LICENSE-2.0
10    ~
11    ~ Unless required by applicable law or agreed to in writing, software
12    ~ distributed under the License is distributed on an "AS IS" BASIS,
13    ~ WITHOUT WARRANTIES OR CONDITIONS OF ANY KIND, either express or implied.
14    ~ See the License for the specific language governing permissions and
15    ~ limitations under the License.
16-->
17<manifest xmlns:android="http://schemas.android.com/apk/res/android"
18    xmlns:dist="http://schemas.android.com/apk/distribution"
19    package="org.tensorflow.lite.examples.objectdetection"
20    android:versionCode="1"
21    android:versionName="1.0.0" >
22
23    <uses-sdk
24        android:minSdkVersion="24"
24-->src/main/AndroidManifest.xml
25        android:targetSdkVersion="34" />
25-->src/main/AndroidManifest.xml
26
27    <uses-permission android:name="android.permission.WRITE_EXTERNAL_STORAGE" />
27-->src/main/AndroidManifest.xml:23:5-81
27-->src/main/AndroidManifest.xml:23:22-78
28    <uses-permission android:name="android.permission.INTERNET" />
28-->src/main/AndroidManifest.xml:24:5-67
28-->src/main/AndroidManifest.xml:24:22-64
29
30    <!-- Enable instant app support -->
31    <dist:module dist:instant="true" />
31-->src/main/AndroidManifest.xml:27:5-40
31-->src/main/AndroidManifest.xml:27:18-37
32
33    <!-- Declare features -->
34    <uses-feature android:name="android.hardware.camera" />
34-->src/main/AndroidManifest.xml:30:5-60
34-->src/main/AndroidManifest.xml:30:19-57
35
36    <!-- Declare permissions -->
37    <uses-permission android:name="android.permission.CAMERA" />
37-->src/main/AndroidManifest.xml:33:5-65
37-->src/main/AndroidManifest.xml:33:22-62
38    <uses-permission android:name="android.permission.READ_PHONE_STATE" />
39    <uses-permission android:name="android.permission.READ_EXTERNAL_STORAGE" />
40
41    <application
41-->src/main/AndroidManifest.xml:35:5-66:19
42        android:allowBackup="true"
42-->src/main/AndroidManifest.xml:39:9-35
43        android:appComponentFactory="androidx.core.app.CoreComponentFactory"
43-->[androidx.core:core:1.8.0] AndroidManifest.xml:24:18-86
44        android:debuggable="true"
45        android:extractNativeLibs="false"
46        android:icon="@mipmap/ic_launcher"
46-->src/main/AndroidManifest.xml:36:9-43
47        android:label="@string/app_name"
47-->src/main/AndroidManifest.xml:38:9-41
48        android:networkSecurityConfig="@xml/network_security_config"
48-->src/main/AndroidManifest.xml:41:9-69
49        android:roundIcon="@mipmap/ic_launcher_round"
49-->src/main/AndroidManifest.xml:37:9-54
50        android:taskAffinity=""
50-->src/main/AndroidManifest.xml:40:9-32
51        android:testOnly="true" >
52        <activity
52-->src/main/AndroidManifest.xml:44:9-64:20
53            android:name="org.tensorflow.lite.examples.objectdetection.MainActivity"
53-->src/main/AndroidManifest.xml:45:13-41
54            android:clearTaskOnLaunch="true"
54-->src/main/AndroidManifest.xml:46:13-45
55            android:configChanges="orientation|screenLayout|screenSize|smallestScreenSize"
55-->src/main/AndroidManifest.xml:52:13-91
56            android:exported="true"
56-->src/main/AndroidManifest.xml:48:13-36
57            android:icon="@mipmap/ic_launcher"
57-->src/main/AndroidManifest.xml:49:13-47
58            android:resizeableActivity="true"
58-->src/main/AndroidManifest.xml:51:13-46
59            android:rotationAnimation="seamless"
59-->src/main/AndroidManifest.xml:50:13-49
60            android:theme="@style/AppTheme" >
60-->src/main/AndroidManifest.xml:47:13-44
61
62            <!-- Main app intent filter -->
63            <intent-filter>
63-->src/main/AndroidManifest.xml:56:13-59:29
64                <action android:name="android.intent.action.MAIN" />
64-->src/main/AndroidManifest.xml:57:17-69
64-->src/main/AndroidManifest.xml:57:25-66
65
66                <category android:name="android.intent.category.LAUNCHER" />
66-->src/main/AndroidManifest.xml:58:17-77
66-->src/main/AndroidManifest.xml:58:27-74
67            </intent-filter>
68
69            <!-- Declare notch support -->
70            <meta-data
70-->src/main/AndroidManifest.xml:62:13-83
71                android:name="android.notch_support"
71-->src/main/AndroidManifest.xml:62:24-60
72                android:value="true" />
72-->src/main/AndroidManifest.xml:62:61-81
73        </activity>
74
75        <uses-library
75-->[androidx.window:window:1.0.0] AndroidManifest.xml:25:9-27:40
76            android:name="androidx.window.extensions"
76-->[androidx.window:window:1.0.0] AndroidManifest.xml:26:13-54
77            android:required="false" />
77-->[androidx.window:window:1.0.0] AndroidManifest.xml:27:13-37
78        <uses-library
78-->[androidx.window:window:1.0.0] AndroidManifest.xml:28:9-30:40
79            android:name="androidx.window.sidecar"
79-->[androidx.window:window:1.0.0] AndroidManifest.xml:29:13-51
80            android:required="false" />
80-->[androidx.window:window:1.0.0] AndroidManifest.xml:30:13-37
81
82        <service
82-->[androidx.camera:camera-camera2:1.1.0-beta03] AndroidManifest.xml:26:9-35:19
83            android:name="androidx.camera.core.impl.MetadataHolderService"
83-->[androidx.camera:camera-camera2:1.1.0-beta03] AndroidManifest.xml:27:13-75
84            android:enabled="false"
84-->[androidx.camera:camera-camera2:1.1.0-beta03] AndroidManifest.xml:28:13-36
85            android:exported="false" >
85-->[androidx.camera:camera-camera2:1.1.0-beta03] AndroidManifest.xml:29:13-37
86            <meta-data
86-->[androidx.camera:camera-camera2:1.1.0-beta03] AndroidManifest.xml:32:13-34:89
87                android:name="androidx.camera.core.impl.MetadataHolderService.DEFAULT_CONFIG_PROVIDER"
87-->[androidx.camera:camera-camera2:1.1.0-beta03] AndroidManifest.xml:33:17-103
88                android:value="androidx.camera.camera2.Camera2Config$DefaultProvider" />
88-->[androidx.camera:camera-camera2:1.1.0-beta03] AndroidManifest.xml:34:17-86
89        </service>
90
91        <provider
91-->[androidx.lifecycle:lifecycle-process:2.2.0] AndroidManifest.xml:25:9-29:43
92            android:name="androidx.lifecycle.ProcessLifecycleOwnerInitializer"
92-->[androidx.lifecycle:lifecycle-process:2.2.0] AndroidManifest.xml:26:13-79
93            android:authorities="org.tensorflow.lite.examples.objectdetection.lifecycle-process"
93-->[androidx.lifecycle:lifecycle-process:2.2.0] AndroidManifest.xml:27:13-69
94            android:exported="false"
94-->[androidx.lifecycle:lifecycle-process:2.2.0] AndroidManifest.xml:28:13-37
95            android:multiprocess="true" />
95-->[androidx.lifecycle:lifecycle-process:2.2.0] AndroidManifest.xml:29:13-40
96    </application>
97
98</manifest>